2025-01-23T14:56:05.770593700+05:30 - INFO - New user added: 583e753d-4b05-41ed-9629-df0d15a3af4f
2025-01-23T14:56:17.940823500+05:30 - INFO - New user added: cf0e7da3-16a7-458c-9496-30e73327e6fa
2025-01-23T14:56:41.724569500+05:30 - INFO - Received message: {
    "type":"CreateSession"
}
2025-01-23T14:56:41.724800700+05:30 - INFO - New session ID: 5cddf05d-cd72-4433-84b5-e6fd12021959
2025-01-23T14:56:41.724821600+05:30 - INFO - Session structure: 583e753d-4b05-41ed-9629-df0d15a3af4f
2025-01-23T14:56:41.724834600+05:30 - INFO - Session created
2025-01-23T14:57:07.260274400+05:30 - INFO - Received message: {
    "type": "JoinSession",
    "session_id": "5cddf05d-cd72-4433-84b5-e6fd12021959"
}

2025-01-23T14:57:07.260380900+05:30 - INFO - User Some("cf0e7da3-16a7-458c-9496-30e73327e6fa") joined session: 5cddf05d-cd72-4433-84b5-e6fd12021959
2025-01-23T14:57:07.260428600+05:30 - INFO - Session joined successfully. Host: 583e753d-4b05-41ed-9629-df0d15a3af4f
2025-01-23T15:01:23.216004600+05:30 - ERROR - Error receiving message: WebSocket protocol error: Connection reset without closing handshake
2025-01-23T15:01:23.216245900+05:30 - ERROR - Error receiving message: WebSocket protocol error: Connection reset without closing handshake
2025-01-23T20:39:39.188023900+05:30 - INFO - Server is running on 127.0.0.1:8080
2025-01-23T20:40:52.547319100+05:30 - INFO - Server is running on 127.0.0.1:8080
2025-01-23T20:42:47.377525600+05:30 - INFO - Server is running on 127.0.0.1:8080
2025-01-23T20:43:01.222465200+05:30 - INFO - New user added: 461b7cfc-9d4e-4957-bcf0-1d723a661a3d
2025-01-23T20:43:07.208552600+05:30 - INFO - Server is running on 127.0.0.1:8080
2025-01-23T20:43:47.105616800+05:30 - INFO - New user added: 7ce236a6-c380-4269-a5e6-da1369274ee9
2025-01-23T20:43:47.153993100+05:30 - INFO - Received message: {
    "type":"CreateSession"
}
2025-01-23T20:43:47.161626800+05:30 - INFO - New session ID: a13c10b4-f72c-47b8-80d8-9012e98016b4
2025-01-23T20:43:47.161684800+05:30 - INFO - Session structure: 7ce236a6-c380-4269-a5e6-da1369274ee9
2025-01-23T20:43:47.161719700+05:30 - INFO - Session created
2025-01-23T20:43:52.297229300+05:30 - INFO - New user added: 238e2339-354c-4963-876f-be33ba3052ac
2025-01-23T20:44:11.307464800+05:30 - INFO - Server is running on 127.0.0.1:8080
2025-01-23T20:44:54.678969700+05:30 - INFO - New user added: c3e565cd-11dc-4656-b437-9c9adbaa6234
2025-01-23T20:45:05.783164100+05:30 - INFO - Server is running on 127.0.0.1:8080
2025-01-23T20:45:46.353404300+05:30 - INFO - Server is running on 127.0.0.1:8080
2025-01-23T20:46:19.643858800+05:30 - INFO - Server is running on 127.0.0.1:8080
2025-01-23T20:47:12.544091200+05:30 - INFO - New user added: b7a65dc1-f4fb-4e4a-abc8-3a108d9021ff
2025-01-23T20:47:19.914223800+05:30 - INFO - Received message: {
    "type":"CreateSession"
}
2025-01-23T20:47:19.914408700+05:30 - INFO - New session ID: a3ca593f-d2b2-4316-a5e4-a38b972324c8
2025-01-23T20:47:19.914434900+05:30 - INFO - Session structure: b7a65dc1-f4fb-4e4a-abc8-3a108d9021ff
2025-01-23T20:47:19.914447600+05:30 - INFO - Session created
2025-01-23T20:47:48.369340+05:30 - INFO - New user added: 199d38c5-8279-4af8-aebc-361c92e2d68f
2025-01-23T20:48:10.254994900+05:30 - INFO - Received message: {
    "type":"JoinSession",
    "session_id":"a3ca593f-d2b2-4316-a5e4-a38b972324c8"
}
2025-01-23T20:48:10.351923700+05:30 - INFO - User Some("199d38c5-8279-4af8-aebc-361c92e2d68f") joined session: a3ca593f-d2b2-4316-a5e4-a38b972324c8
2025-01-23T20:48:10.357644900+05:30 - INFO - Session joined successfully. Host: b7a65dc1-f4fb-4e4a-abc8-3a108d9021ff
2025-01-23T20:48:26.668356100+05:30 - INFO - Received message: {
    "type":"JoinSession",
    "session_id":"a3ca593f-d2b2-4316-a5e4-a38b972324c8"
}
2025-01-23T20:48:26.668469200+05:30 - ERROR - User is already in the session: a3ca593f-d2b2-4316-a5e4-a38b972324c8
2025-01-23T20:48:26.782708300+05:30 - ERROR - Failed to join session: User is already in the session: a3ca593f-d2b2-4316-a5e4-a38b972324c8
